<?xml version="1.0" encoding="UTF-8"?>
<!-- Generated by org.testng.reporters.JUnitXMLReporter -->
<testsuite hostname="DESKTOP-A28BAJQ" name="Test" tests="4" failures="0" timestamp="25 Jan 2020 00:01:40 GMT" time="189.24" errors="0">
  <testcase name="feature" time="62.623" classname="myntra.runners.RunnerClass"/>
  <testcase name="feature" time="36.04" classname="myntra.runners.RunnerClass"/>
  <testcase name="feature" time="20.682" classname="myntra.runners.RunnerClass"/>
  <testcase name="feature" time="68.197" classname="myntra.runners.RunnerClass"/>
</testsuite> <!-- Test -->
