<?xml version="1.0" encoding="UTF-8"?>
<testng-results skipped="0" failed="0" total="4" passed="4">
  <reporter-output>
  </reporter-output>
  <suite name="Suite" duration-ms="189240" started-at="2020-01-24T23:58:31Z" finished-at="2020-01-25T00:01:40Z">
    <groups>
      <group name="cucumber">
        <method signature="AbstractTestNGCucumberTests.feature(cucumber.api.testng.CucumberFeatureWrapper)[pri:0, instance:myntra.runners.RunnerClass@691a7f8f]" name="feature" class="cucumber.api.testng.AbstractTestNGCucumberTests"/>
      </group> <!-- cucumber -->
    </groups>
    <test name="Test" duration-ms="189240" started-at="2020-01-24T23:58:31Z" finished-at="2020-01-25T00:01:40Z">
      <class name="myntra.runners.RunnerClass">
        <test-method status="PASS" signature="setUpClass()[pri:0, instance:myntra.runners.RunnerClass@691a7f8f]" name="setUpClass" is-config="true" duration-ms="438" started-at="2020-01-24T18:58:31Z" finished-at="2020-01-24T18:58:31Z">
          <reporter-output>
          </reporter-output>
        </test-method> <!-- setUpClass -->
        <test-method status="PASS" signature="feature(cucumber.api.testng.CucumberFeatureWrapper)[pri:0, instance:myntra.runners.RunnerClass@691a7f8f]" name="feature" duration-ms="62623" started-at="2020-01-24T18:58:31Z" description="Runs Cucumber Feature" data-provider="features" finished-at="2020-01-24T18:59:34Z">
          <params>
            <param index="0">
              <value>
                <![CDATA[ZipCode Feature]]>
              </value>
            </param>
          </params>
          <reporter-output>
          </reporter-output>
        </test-method> <!-- feature -->
        <test-method status="PASS" signature="feature(cucumber.api.testng.CucumberFeatureWrapper)[pri:0, instance:myntra.runners.RunnerClass@691a7f8f]" name="feature" duration-ms="36040" started-at="2020-01-24T18:59:34Z" description="Runs Cucumber Feature" data-provider="features" finished-at="2020-01-24T19:00:10Z">
          <params>
            <param index="0">
              <value>
                <![CDATA[myntra select brand and add to bag feature]]>
              </value>
            </param>
          </params>
          <reporter-output>
          </reporter-output>
        </test-method> <!-- feature -->
        <test-method status="PASS" signature="feature(cucumber.api.testng.CucumberFeatureWrapper)[pri:0, instance:myntra.runners.RunnerClass@691a7f8f]" name="feature" duration-ms="20682" started-at="2020-01-24T19:00:10Z" description="Runs Cucumber Feature" data-provider="features" finished-at="2020-01-24T19:00:30Z">
          <params>
            <param index="0">
              <value>
                <![CDATA[myntra Login Feature]]>
              </value>
            </param>
          </params>
          <reporter-output>
          </reporter-output>
        </test-method> <!-- feature -->
        <test-method status="PASS" signature="feature(cucumber.api.testng.CucumberFeatureWrapper)[pri:0, instance:myntra.runners.RunnerClass@691a7f8f]" name="feature" duration-ms="68197" started-at="2020-01-24T19:00:30Z" description="Runs Cucumber Feature" data-provider="features" finished-at="2020-01-24T19:01:39Z">
          <params>
            <param index="0">
              <value>
                <![CDATA[myntra Sign up feature]]>
              </value>
            </param>
          </params>
          <reporter-output>
          </reporter-output>
        </test-method> <!-- feature -->
        <test-method status="PASS" signature="writeExtentReport()[pri:0, instance:myntra.runners.RunnerClass@691a7f8f]" name="writeExtentReport" is-config="true" duration-ms="105" started-at="2020-01-24T19:01:39Z" finished-at="2020-01-24T19:01:39Z">
          <reporter-output>
          </reporter-output>
        </test-method> <!-- writeExtentReport -->
        <test-method status="PASS" signature="tearDownClass()[pri:0, instance:myntra.runners.RunnerClass@691a7f8f]" name="tearDownClass" is-config="true" duration-ms="990" started-at="2020-01-24T19:01:39Z" finished-at="2020-01-24T19:01:40Z">
          <reporter-output>
          </reporter-output>
        </test-method> <!-- tearDownClass -->
      </class> <!-- myntra.runners.RunnerClass -->
    </test> <!-- Test -->
  </suite> <!-- Suite -->
</testng-results>
